<?xml version="1.0" encoding="UTF-8"?>
<coverage generated="1715775765813" clover="3.2.0">
  <project timestamp="1715775765813" name="All files">
    <metrics statements="96" coveredstatements="76" conditionals="55" coveredconditionals="39" methods="20" coveredmethods="13" elements="171" coveredelements="128" complexity="0" loc="96" ncloc="96" packages="1" files="1" classes="1"/>
    <file name="Select.tsx" path="/Users/nam-yeonhwa/Desktop/original/MUI-SelectComponent-Test/src/components/Select.tsx">
      <metrics statements="96" coveredstatements="76" conditionals="55" coveredconditionals="39" methods="20" coveredmethods="13"/>
      <line num="1" count="2" type="stmt"/>
      <line num="3" count="2" type="stmt"/>
      <line num="4" count="2" type="stmt"/>
      <line num="5" count="2" type="stmt"/>
      <line num="6" count="2" type="stmt"/>
      <line num="7" count="2" type="stmt"/>
      <line num="13" count="2" type="stmt"/>
      <line num="14" count="24" type="stmt"/>
      <line num="15" count="24" type="stmt"/>
      <line num="17" count="24" type="stmt"/>
      <line num="18" count="24" type="stmt"/>
      <line num="21" count="24" type="stmt"/>
      <line num="23" count="24" type="stmt"/>
      <line num="27" count="24" type="stmt"/>
      <line num="28" count="24" type="stmt"/>
      <line num="30" count="24" type="stmt"/>
      <line num="31" count="24" type="stmt"/>
      <line num="32" count="24" type="stmt"/>
      <line num="34" count="24" type="stmt"/>
      <line num="36" count="24" type="stmt"/>
      <line num="44" count="24" type="stmt"/>
      <line num="45" count="7" type="cond" truecount="1" falsecount="0"/>
      <line num="48" count="7" type="stmt"/>
      <line num="54" count="7" type="stmt"/>
      <line num="55" count="7" type="stmt"/>
      <line num="62" count="24" type="stmt"/>
      <line num="63" count="7" type="cond" truecount="1" falsecount="0"/>
      <line num="64" count="7" type="stmt"/>
      <line num="65" count="7" type="stmt"/>
      <line num="66" count="7" type="stmt"/>
      <line num="74" count="24" type="stmt"/>
      <line num="75" count="11" type="cond" truecount="1" falsecount="0"/>
      <line num="76" count="3" type="stmt"/>
      <line num="77" count="9" type="stmt"/>
      <line num="80" count="3" type="cond" truecount="4" falsecount="0"/>
      <line num="81" count="1" type="stmt"/>
      <line num="83" count="2" type="stmt"/>
      <line num="93" count="24" type="stmt"/>
      <line num="94" count="11" type="cond" truecount="1" falsecount="0"/>
      <line num="95" count="8" type="stmt"/>
      <line num="96" count="8" type="stmt"/>
      <line num="104" count="24" type="stmt"/>
      <line num="105" count="3" type="stmt"/>
      <line num="112" count="24" type="stmt"/>
      <line num="113" count="1" type="stmt"/>
      <line num="114" count="1" type="stmt"/>
      <line num="121" count="24" type="stmt"/>
      <line num="122" count="0" type="stmt"/>
      <line num="123" count="0" type="stmt"/>
      <line num="131" count="24" type="stmt"/>
      <line num="132" count="0" type="stmt"/>
      <line num="133" count="0" type="cond" truecount="0" falsecount="1"/>
      <line num="134" count="0" type="stmt"/>
      <line num="135" count="0" type="stmt"/>
      <line num="143" count="24" type="stmt"/>
      <line num="144" count="1" type="stmt"/>
      <line num="146" count="1" type="stmt"/>
      <line num="147" count="1" type="stmt"/>
      <line num="148" count="1" type="stmt"/>
      <line num="149" count="1" type="cond" truecount="1" falsecount="0"/>
      <line num="150" count="1" type="stmt"/>
      <line num="158" count="24" type="stmt"/>
      <line num="159" count="0" type="stmt"/>
      <line num="160" count="0" type="stmt"/>
      <line num="167" count="24" type="stmt"/>
      <line num="169" count="0" type="stmt"/>
      <line num="176" count="24" type="stmt"/>
      <line num="177" count="0" type="stmt"/>
      <line num="184" count="24" type="stmt"/>
      <line num="185" count="3" type="cond" truecount="3" falsecount="1"/>
      <line num="187" count="1" type="stmt"/>
      <line num="188" count="1" type="cond" truecount="0" falsecount="1"/>
      <line num="189" count="0" type="stmt"/>
      <line num="191" count="1" type="stmt"/>
      <line num="193" count="1" type="stmt"/>
      <line num="194" count="1" type="cond" truecount="1" falsecount="1"/>
      <line num="195" count="1" type="stmt"/>
      <line num="196" count="1" type="cond" truecount="1" falsecount="1"/>
      <line num="197" count="0" type="stmt"/>
      <line num="198" count="0" type="stmt"/>
      <line num="199" count="0" type="stmt"/>
      <line num="202" count="1" type="cond" truecount="2" falsecount="0"/>
      <line num="206" count="0" type="stmt"/>
      <line num="209" count="1" type="stmt"/>
      <line num="211" count="1" type="cond" truecount="1" falsecount="1"/>
      <line num="212" count="1" type="stmt"/>
      <line num="213" count="1" type="cond" truecount="1" falsecount="1"/>
      <line num="214" count="0" type="stmt"/>
      <line num="215" count="0" type="stmt"/>
      <line num="216" count="0" type="stmt"/>
      <line num="219" count="1" type="cond" truecount="2" falsecount="0"/>
      <line num="223" count="0" type="stmt"/>
      <line num="225" count="1" type="stmt"/>
      <line num="227" count="1" type="stmt"/>
      <line num="229" count="0" type="stmt"/>
      <line num="233" count="24" type="stmt"/>
    </file>
  </project>
</coverage>
