<?xml version="1.0" encoding="UTF-8"?>
<coverage generated="1715752859835" clover="3.2.0">
  <project timestamp="1715752859835" name="All files">
    <metrics statements="106" coveredstatements="59" conditionals="59" coveredconditionals="25" methods="27" coveredmethods="13" elements="192" coveredelements="97" complexity="0" loc="106" ncloc="106" packages="1" files="3" classes="3"/>
    <file name="Button.tsx" path="/Users/nam-yeonhwa/Desktop/MUI-SelectComponent-Test/src/components/Button.tsx">
      <metrics statements="3" coveredstatements="2" conditionals="0" coveredconditionals="0" methods="2" coveredmethods="1"/>
      <line num="7" count="2" type="stmt"/>
      <line num="12" count="28" type="stmt"/>
      <line num="18" count="0" type="stmt"/>
    </file>
    <file name="OptionItem.tsx" path="/Users/nam-yeonhwa/Desktop/MUI-SelectComponent-Test/src/components/OptionItem.tsx">
      <metrics statements="7" coveredstatements="6" conditionals="4" coveredconditionals="2" methods="5" coveredmethods="4"/>
      <line num="2" count="3" type="stmt"/>
      <line num="12" count="3" type="stmt"/>
      <line num="19" count="17" type="stmt"/>
      <line num="22" count="41" type="stmt"/>
      <line num="30" count="1" type="stmt"/>
      <line num="31" count="1" type="stmt"/>
      <line num="33" count="0" type="stmt"/>
    </file>
    <file name="Select.tsx" path="/Users/nam-yeonhwa/Desktop/MUI-SelectComponent-Test/src/components/Select.tsx">
      <metrics statements="96" coveredstatements="51" conditionals="55" coveredconditionals="23" methods="20" coveredmethods="8"/>
      <line num="1" count="2" type="stmt"/>
      <line num="3" count="2" type="stmt"/>
      <line num="4" count="2" type="stmt"/>
      <line num="5" count="2" type="stmt"/>
      <line num="6" count="2" type="stmt"/>
      <line num="7" count="2" type="stmt"/>
      <line num="13" count="2" type="stmt"/>
      <line num="14" count="14" type="stmt"/>
      <line num="15" count="14" type="stmt"/>
      <line num="17" count="14" type="stmt"/>
      <line num="18" count="14" type="stmt"/>
      <line num="21" count="14" type="stmt"/>
      <line num="23" count="14" type="stmt"/>
      <line num="27" count="14" type="stmt"/>
      <line num="28" count="14" type="stmt"/>
      <line num="30" count="14" type="stmt"/>
      <line num="31" count="14" type="stmt"/>
      <line num="32" count="14" type="stmt"/>
      <line num="34" count="14" type="stmt"/>
      <line num="36" count="14" type="stmt"/>
      <line num="44" count="14" type="stmt"/>
      <line num="45" count="5" type="cond" truecount="1" falsecount="0"/>
      <line num="48" count="5" type="stmt"/>
      <line num="54" count="5" type="stmt"/>
      <line num="55" count="5" type="stmt"/>
      <line num="62" count="14" type="stmt"/>
      <line num="63" count="5" type="cond" truecount="1" falsecount="0"/>
      <line num="64" count="5" type="stmt"/>
      <line num="65" count="5" type="stmt"/>
      <line num="66" count="5" type="stmt"/>
      <line num="74" count="14" type="stmt"/>
      <line num="75" count="7" type="cond" truecount="1" falsecount="0"/>
      <line num="76" count="2" type="stmt"/>
      <line num="77" count="6" type="stmt"/>
      <line num="80" count="2" type="cond" truecount="4" falsecount="0"/>
      <line num="81" count="1" type="stmt"/>
      <line num="83" count="1" type="stmt"/>
      <line num="93" count="14" type="stmt"/>
      <line num="94" count="7" type="cond" truecount="1" falsecount="0"/>
      <line num="95" count="5" type="stmt"/>
      <line num="103" count="14" type="stmt"/>
      <line num="104" count="2" type="stmt"/>
      <line num="111" count="14" type="stmt"/>
      <line num="112" count="0" type="stmt"/>
      <line num="113" count="0" type="stmt"/>
      <line num="120" count="14" type="stmt"/>
      <line num="121" count="0" type="stmt"/>
      <line num="122" count="0" type="stmt"/>
      <line num="130" count="14" type="stmt"/>
      <line num="131" count="0" type="stmt"/>
      <line num="133" count="0" type="stmt"/>
      <line num="134" count="0" type="cond" truecount="0" falsecount="1"/>
      <line num="135" count="0" type="stmt"/>
      <line num="136" count="0" type="stmt"/>
      <line num="144" count="14" type="stmt"/>
      <line num="145" count="0" type="stmt"/>
      <line num="146" count="0" type="stmt"/>
      <line num="147" count="0" type="stmt"/>
      <line num="148" count="0" type="stmt"/>
      <line num="149" count="0" type="cond" truecount="0" falsecount="1"/>
      <line num="150" count="0" type="stmt"/>
      <line num="158" count="14" type="stmt"/>
      <line num="159" count="0" type="stmt"/>
      <line num="160" count="0" type="stmt"/>
      <line num="167" count="14" type="stmt"/>
      <line num="169" count="0" type="stmt"/>
      <line num="176" count="14" type="stmt"/>
      <line num="178" count="0" type="stmt"/>
      <line num="185" count="14" type="stmt"/>
      <line num="186" count="0" type="cond" truecount="0" falsecount="4"/>
      <line num="188" count="0" type="stmt"/>
      <line num="189" count="0" type="cond" truecount="0" falsecount="1"/>
      <line num="190" count="0" type="stmt"/>
      <line num="192" count="0" type="stmt"/>
      <line num="194" count="0" type="stmt"/>
      <line num="195" count="0" type="cond" truecount="0" falsecount="2"/>
      <line num="196" count="0" type="stmt"/>
      <line num="197" count="0" type="cond" truecount="0" falsecount="2"/>
      <line num="198" count="0" type="stmt"/>
      <line num="199" count="0" type="stmt"/>
      <line num="200" count="0" type="stmt"/>
      <line num="203" count="0" type="cond" truecount="0" falsecount="2"/>
      <line num="207" count="0" type="stmt"/>
      <line num="210" count="0" type="stmt"/>
      <line num="212" count="0" type="cond" truecount="0" falsecount="2"/>
      <line num="213" count="0" type="stmt"/>
      <line num="214" count="0" type="cond" truecount="0" falsecount="2"/>
      <line num="215" count="0" type="stmt"/>
      <line num="216" count="0" type="stmt"/>
      <line num="217" count="0" type="stmt"/>
      <line num="220" count="0" type="cond" truecount="0" falsecount="2"/>
      <line num="224" count="0" type="stmt"/>
      <line num="226" count="0" type="stmt"/>
      <line num="228" count="0" type="stmt"/>
      <line num="230" count="0" type="stmt"/>
      <line num="234" count="14" type="stmt"/>
    </file>
  </project>
</coverage>
