{"/Users/nam-yeonhwa/Desktop/MUI-SelectComponent-Test/src/components/Button.tsx": {"path":"/Users/nam-yeonhwa/Desktop/MUI-SelectComponent-Test/src/components/Button.tsx","statementMap":{"0":{"start":{"line":14,"column":2},"end":{"line":27,"column":4}},"1":{"start":{"line":21,"column":10},"end":{"line":21,"column":29}},"2":{"start":{"line":8,"column":0},"end":{"line":8,"column":24}}},"fnMap":{"0":{"name":"Button","decl":{"start":{"line":8,"column":24},"end":{"line":8,"column":30}},"loc":{"start":{"line":13,"column":8},"end":{"line":28,"column":1}}},"1":{"name":"(anonymous_1)","decl":{"start":{"line":20,"column":21},"end":{"line":20,"column":22}},"loc":{"start":{"line":20,"column":27},"end":{"line":22,"column":9}}}},"branchMap":{},"s":{"0":43,"1":1,"2":3},"f":{"0":43,"1":1},"b":{}}
,"/Users/nam-yeonhwa/Desktop/MUI-SelectComponent-Test/src/components/Select.tsx": {"path":"/Users/nam-yeonhwa/Desktop/MUI-SelectComponent-Test/src/components/Select.tsx","statementMap":{"0":{"start":{"line":1,"column":0},"end":{"line":1,"column":80}},"1":{"start":{"line":3,"column":0},"end":{"line":3,"column":22}},"2":{"start":{"line":4,"column":0},"end":{"line":4,"column":38}},"3":{"start":{"line":5,"column":0},"end":{"line":5,"column":53}},"4":{"start":{"line":6,"column":0},"end":{"line":6,"column":53}},"5":{"start":{"line":7,"column":0},"end":{"line":7,"column":34}},"6":{"start":{"line":14,"column":22},"end":{"line":14,"column":27}},"7":{"start":{"line":15,"column":36},"end":{"line":15,"column":51}},"8":{"start":{"line":17,"column":38},"end":{"line":17,"column":50}},"9":{"start":{"line":18,"column":50},"end":{"line":18,"column":null}},"10":{"start":{"line":21,"column":46},"end":{"line":21,"column":59}},"11":{"start":{"line":23,"column":54},"end":{"line":23,"column":null}},"12":{"start":{"line":27,"column":38},"end":{"line":27,"column":72}},"13":{"start":{"line":28,"column":46},"end":{"line":28,"column":61}},"14":{"start":{"line":30,"column":20},"end":{"line":30,"column":48}},"15":{"start":{"line":31,"column":19},"end":{"line":31,"column":49}},"16":{"start":{"line":32,"column":20},"end":{"line":32,"column":48}},"17":{"start":{"line":34,"column":21},"end":{"line":34,"column":36}},"18":{"start":{"line":36,"column":46},"end":{"line":36,"column":null}},"19":{"start":{"line":44,"column":2},"end":{"line":57,"column":30}},"20":{"start":{"line":45,"column":4},"end":{"line":56,"column":5}},"21":{"start":{"line":48,"column":8},"end":{"line":50,"column":28}},"22":{"start":{"line":54,"column":8},"end":{"line":54,"column":64}},"23":{"start":{"line":55,"column":6},"end":{"line":55,"column":68}},"24":{"start":{"line":62,"column":2},"end":{"line":69,"column":32}},"25":{"start":{"line":63,"column":4},"end":{"line":68,"column":5}},"26":{"start":{"line":64,"column":20},"end":{"line":64,"column":49}},"27":{"start":{"line":65,"column":6},"end":{"line":67,"column":9}},"28":{"start":{"line":66,"column":8},"end":{"line":66,"column":41}},"29":{"start":{"line":74,"column":2},"end":{"line":86,"column":40}},"30":{"start":{"line":75,"column":4},"end":{"line":85,"column":5}},"31":{"start":{"line":76,"column":28},"end":{"line":78,"column":8}},"32":{"start":{"line":77,"column":8},"end":{"line":77,"column":53}},"33":{"start":{"line":80,"column":6},"end":{"line":84,"column":7}},"34":{"start":{"line":81,"column":8},"end":{"line":81,"column":43}},"35":{"start":{"line":83,"column":8},"end":{"line":83,"column":67}},"36":{"start":{"line":93,"column":2},"end":{"line":97,"column":19}},"37":{"start":{"line":94,"column":4},"end":{"line":96,"column":5}},"38":{"start":{"line":95,"column":6},"end":{"line":95,"column":39}},"39":{"start":{"line":103,"column":28},"end":{"line":105,"column":3}},"40":{"start":{"line":104,"column":4},"end":{"line":104,"column":38}},"41":{"start":{"line":111,"column":25},"end":{"line":114,"column":3}},"42":{"start":{"line":112,"column":4},"end":{"line":112,"column":23}},"43":{"start":{"line":113,"column":4},"end":{"line":113,"column":28}},"44":{"start":{"line":120,"column":24},"end":{"line":123,"column":3}},"45":{"start":{"line":121,"column":4},"end":{"line":121,"column":24}},"46":{"start":{"line":122,"column":4},"end":{"line":122,"column":22}},"47":{"start":{"line":130,"column":28},"end":{"line":138,"column":3}},"48":{"start":{"line":131,"column":4},"end":{"line":131,"column":36}},"49":{"start":{"line":133,"column":4},"end":{"line":133,"column":29}},"50":{"start":{"line":134,"column":4},"end":{"line":137,"column":5}},"51":{"start":{"line":135,"column":6},"end":{"line":135,"column":38}},"52":{"start":{"line":136,"column":6},"end":{"line":136,"column":40}},"53":{"start":{"line":144,"column":34},"end":{"line":152,"column":3}},"54":{"start":{"line":145,"column":4},"end":{"line":145,"column":22}},"55":{"start":{"line":146,"column":4},"end":{"line":146,"column":23}},"56":{"start":{"line":147,"column":4},"end":{"line":147,"column":30}},"57":{"start":{"line":148,"column":4},"end":{"line":148,"column":37}},"58":{"start":{"line":149,"column":4},"end":{"line":151,"column":5}},"59":{"start":{"line":150,"column":6},"end":{"line":150,"column":31}},"60":{"start":{"line":158,"column":32},"end":{"line":161,"column":3}},"61":{"start":{"line":159,"column":4},"end":{"line":159,"column":23}},"62":{"start":{"line":160,"column":4},"end":{"line":160,"column":28}},"63":{"start":{"line":167,"column":29},"end":{"line":170,"column":3}},"64":{"start":{"line":169,"column":4},"end":{"line":169,"column":39}},"65":{"start":{"line":176,"column":29},"end":{"line":179,"column":3}},"66":{"start":{"line":178,"column":4},"end":{"line":178,"column":31}},"67":{"start":{"line":185,"column":28},"end":{"line":232,"column":3}},"68":{"start":{"line":186,"column":4},"end":{"line":231,"column":5}},"69":{"start":{"line":188,"column":8},"end":{"line":188,"column":39}},"70":{"start":{"line":189,"column":8},"end":{"line":191,"column":9}},"71":{"start":{"line":190,"column":10},"end":{"line":190,"column":39}},"72":{"start":{"line":192,"column":8},"end":{"line":192,"column":14}},"73":{"start":{"line":194,"column":8},"end":{"line":194,"column":40}},"74":{"start":{"line":195,"column":8},"end":{"line":208,"column":9}},"75":{"start":{"line":196,"column":10},"end":{"line":205,"column":13}},"76":{"start":{"line":197,"column":12},"end":{"line":204,"column":13}},"77":{"start":{"line":198,"column":35},"end":{"line":198,"column":59}},"78":{"start":{"line":199,"column":14},"end":{"line":201,"column":16}},"79":{"start":{"line":200,"column":26},"end":{"line":200,"column":65}},"80":{"start":{"line":203,"column":14},"end":{"line":203,"column":44}},"81":{"start":{"line":207,"column":10},"end":{"line":207,"column":34}},"82":{"start":{"line":210,"column":8},"end":{"line":210,"column":14}},"83":{"start":{"line":212,"column":8},"end":{"line":225,"column":9}},"84":{"start":{"line":213,"column":10},"end":{"line":222,"column":13}},"85":{"start":{"line":214,"column":12},"end":{"line":221,"column":13}},"86":{"start":{"line":215,"column":35},"end":{"line":215,"column":59}},"87":{"start":{"line":216,"column":14},"end":{"line":218,"column":16}},"88":{"start":{"line":217,"column":26},"end":{"line":217,"column":65}},"89":{"start":{"line":220,"column":14},"end":{"line":220,"column":43}},"90":{"start":{"line":224,"column":10},"end":{"line":224,"column":34}},"91":{"start":{"line":226,"column":8},"end":{"line":226,"column":41}},"92":{"start":{"line":228,"column":8},"end":{"line":228,"column":14}},"93":{"start":{"line":230,"column":8},"end":{"line":230,"column":14}},"94":{"start":{"line":234,"column":2},"end":{"line":354,"column":4}},"95":{"start":{"line":13,"column":0},"end":{"line":13,"column":24}}},"fnMap":{"0":{"name":"Select","decl":{"start":{"line":13,"column":24},"end":{"line":13,"column":30}},"loc":{"start":{"line":13,"column":49},"end":{"line":355,"column":1}}},"1":{"name":"(anonymous_2)","decl":{"start":{"line":44,"column":12},"end":{"line":44,"column":15}},"loc":{"start":{"line":44,"column":17},"end":{"line":57,"column":3}}},"2":{"name":"(anonymous_3)","decl":{"start":{"line":62,"column":12},"end":{"line":62,"column":15}},"loc":{"start":{"line":62,"column":17},"end":{"line":69,"column":3}}},"3":{"name":"(anonymous_4)","decl":{"start":{"line":65,"column":24},"end":{"line":65,"column":25}},"loc":{"start":{"line":65,"column":37},"end":{"line":67,"column":7}}},"4":{"name":"(anonymous_5)","decl":{"start":{"line":74,"column":12},"end":{"line":74,"column":15}},"loc":{"start":{"line":74,"column":17},"end":{"line":86,"column":3}}},"5":{"name":"(anonymous_6)","decl":{"start":{"line":76,"column":44},"end":{"line":76,"column":45}},"loc":{"start":{"line":76,"column":59},"end":{"line":78,"column":7}}},"6":{"name":"(anonymous_7)","decl":{"start":{"line":93,"column":12},"end":{"line":93,"column":15}},"loc":{"start":{"line":93,"column":17},"end":{"line":97,"column":3}}},"7":{"name":"(anonymous_8)","decl":{"start":{"line":103,"column":28},"end":{"line":103,"column":29}},"loc":{"start":{"line":103,"column":69},"end":{"line":105,"column":3}}},"8":{"name":"(anonymous_9)","decl":{"start":{"line":111,"column":25},"end":{"line":111,"column":28}},"loc":{"start":{"line":111,"column":30},"end":{"line":114,"column":3}}},"9":{"name":"(anonymous_10)","decl":{"start":{"line":120,"column":24},"end":{"line":120,"column":27}},"loc":{"start":{"line":120,"column":29},"end":{"line":123,"column":3}}},"10":{"name":"(anonymous_11)","decl":{"start":{"line":130,"column":28},"end":{"line":130,"column":29}},"loc":{"start":{"line":130,"column":55},"end":{"line":138,"column":3}}},"11":{"name":"(anonymous_12)","decl":{"start":{"line":144,"column":34},"end":{"line":144,"column":37}},"loc":{"start":{"line":144,"column":39},"end":{"line":152,"column":3}}},"12":{"name":"(anonymous_13)","decl":{"start":{"line":158,"column":32},"end":{"line":158,"column":35}},"loc":{"start":{"line":158,"column":37},"end":{"line":161,"column":3}}},"13":{"name":"(anonymous_14)","decl":{"start":{"line":167,"column":29},"end":{"line":167,"column":32}},"loc":{"start":{"line":167,"column":34},"end":{"line":170,"column":3}}},"14":{"name":"(anonymous_15)","decl":{"start":{"line":176,"column":29},"end":{"line":176,"column":30}},"loc":{"start":{"line":176,"column":56},"end":{"line":179,"column":3}}},"15":{"name":"(anonymous_16)","decl":{"start":{"line":185,"column":28},"end":{"line":185,"column":29}},"loc":{"start":{"line":185,"column":65},"end":{"line":232,"column":3}}},"16":{"name":"(anonymous_17)","decl":{"start":{"line":196,"column":25},"end":{"line":196,"column":26}},"loc":{"start":{"line":196,"column":39},"end":{"line":205,"column":11}}},"17":{"name":"(anonymous_18)","decl":{"start":{"line":200,"column":16},"end":{"line":200,"column":17}},"loc":{"start":{"line":200,"column":26},"end":{"line":200,"column":65}}},"18":{"name":"(anonymous_19)","decl":{"start":{"line":213,"column":25},"end":{"line":213,"column":26}},"loc":{"start":{"line":213,"column":39},"end":{"line":222,"column":11}}},"19":{"name":"(anonymous_20)","decl":{"start":{"line":217,"column":16},"end":{"line":217,"column":17}},"loc":{"start":{"line":217,"column":26},"end":{"line":217,"column":65}}}},"branchMap":{"0":{"loc":{"start":{"line":45,"column":4},"end":{"line":56,"column":5}},"type":"if","locations":[{"start":{"line":45,"column":4},"end":{"line":56,"column":5}}]},"1":{"loc":{"start":{"line":63,"column":4},"end":{"line":68,"column":5}},"type":"if","locations":[{"start":{"line":63,"column":4},"end":{"line":68,"column":5}}]},"2":{"loc":{"start":{"line":75,"column":4},"end":{"line":85,"column":5}},"type":"if","locations":[{"start":{"line":75,"column":4},"end":{"line":85,"column":5}}]},"3":{"loc":{"start":{"line":80,"column":6},"end":{"line":84,"column":7}},"type":"if","locations":[{"start":{"line":80,"column":6},"end":{"line":84,"column":7}},{"start":{"line":82,"column":13},"end":{"line":84,"column":7}}]},"4":{"loc":{"start":{"line":80,"column":10},"end":{"line":80,"column":52}},"type":"binary-expr","locations":[{"start":{"line":80,"column":10},"end":{"line":80,"column":23}},{"start":{"line":80,"column":27},"end":{"line":80,"column":52}}]},"5":{"loc":{"start":{"line":94,"column":4},"end":{"line":96,"column":5}},"type":"if","locations":[{"start":{"line":94,"column":4},"end":{"line":96,"column":5}}]},"6":{"loc":{"start":{"line":134,"column":4},"end":{"line":137,"column":5}},"type":"if","locations":[{"start":{"line":134,"column":4},"end":{"line":137,"column":5}}]},"7":{"loc":{"start":{"line":149,"column":4},"end":{"line":151,"column":5}},"type":"if","locations":[{"start":{"line":149,"column":4},"end":{"line":151,"column":5}}]},"8":{"loc":{"start":{"line":186,"column":4},"end":{"line":231,"column":5}},"type":"switch","locations":[{"start":{"line":187,"column":6},"end":{"line":192,"column":14}},{"start":{"line":193,"column":6},"end":{"line":210,"column":14}},{"start":{"line":211,"column":6},"end":{"line":228,"column":14}},{"start":{"line":229,"column":6},"end":{"line":230,"column":14}}]},"9":{"loc":{"start":{"line":189,"column":8},"end":{"line":191,"column":9}},"type":"if","locations":[{"start":{"line":189,"column":8},"end":{"line":191,"column":9}}]},"10":{"loc":{"start":{"line":195,"column":8},"end":{"line":208,"column":9}},"type":"if","locations":[{"start":{"line":195,"column":8},"end":{"line":208,"column":9}},{"start":{"line":206,"column":15},"end":{"line":208,"column":9}}]},"11":{"loc":{"start":{"line":197,"column":12},"end":{"line":204,"column":13}},"type":"if","locations":[{"start":{"line":197,"column":12},"end":{"line":204,"column":13}},{"start":{"line":202,"column":19},"end":{"line":204,"column":13}}]},"12":{"loc":{"start":{"line":203,"column":21},"end":{"line":203,"column":43}},"type":"binary-expr","locations":[{"start":{"line":203,"column":21},"end":{"line":203,"column":28}},{"start":{"line":203,"column":32},"end":{"line":203,"column":43}}]},"13":{"loc":{"start":{"line":212,"column":8},"end":{"line":225,"column":9}},"type":"if","locations":[{"start":{"line":212,"column":8},"end":{"line":225,"column":9}},{"start":{"line":223,"column":15},"end":{"line":225,"column":9}}]},"14":{"loc":{"start":{"line":214,"column":12},"end":{"line":221,"column":13}},"type":"if","locations":[{"start":{"line":214,"column":12},"end":{"line":221,"column":13}},{"start":{"line":219,"column":19},"end":{"line":221,"column":13}}]},"15":{"loc":{"start":{"line":220,"column":21},"end":{"line":220,"column":42}},"type":"binary-expr","locations":[{"start":{"line":220,"column":21},"end":{"line":220,"column":28}},{"start":{"line":220,"column":32},"end":{"line":220,"column":42}}]},"16":{"loc":{"start":{"line":250,"column":46},"end":{"line":250,"column":68}},"type":"binary-expr","locations":[{"start":{"line":250,"column":46},"end":{"line":250,"column":55}},{"start":{"line":250,"column":59},"end":{"line":250,"column":68}}]},"17":{"loc":{"start":{"line":251,"column":16},"end":{"line":251,"column":null}},"type":"binary-expr","locations":[{"start":{"line":251,"column":16},"end":{"line":251,"column":34}},{"start":{"line":251,"column":38},"end":{"line":251,"column":null}}]},"18":{"loc":{"start":{"line":269,"column":20},"end":{"line":271,"column":null}},"type":"binary-expr","locations":[{"start":{"line":269,"column":20},"end":{"line":269,"column":38}},{"start":{"line":270,"column":20},"end":{"line":270,"column":41}},{"start":{"line":271,"column":20},"end":{"line":271,"column":null}}]},"19":{"loc":{"start":{"line":297,"column":12},"end":{"line":297,"column":null}},"type":"binary-expr","locations":[{"start":{"line":297,"column":12},"end":{"line":297,"column":21}},{"start":{"line":297,"column":25},"end":{"line":297,"column":39}},{"start":{"line":297,"column":43},"end":{"line":297,"column":null}}]},"20":{"loc":{"start":{"line":299,"column":12},"end":{"line":302,"column":null}},"type":"binary-expr","locations":[{"start":{"line":299,"column":12},"end":{"line":299,"column":31}},{"start":{"line":300,"column":12},"end":{"line":300,"column":34}},{"start":{"line":301,"column":12},"end":{"line":301,"column":54}},{"start":{"line":302,"column":12},"end":{"line":302,"column":null}}]},"21":{"loc":{"start":{"line":304,"column":29},"end":{"line":304,"column":67}},"type":"binary-expr","locations":[{"start":{"line":304,"column":29},"end":{"line":304,"column":49}},{"start":{"line":304,"column":53},"end":{"line":304,"column":67}}]},"22":{"loc":{"start":{"line":308,"column":13},"end":{"line":315,"column":null}},"type":"binary-expr","locations":[{"start":{"line":308,"column":13},"end":{"line":308,"column":45}},{"start":{"line":308,"column":49},"end":{"line":308,"column":73}},{"start":{"line":309,"column":14},"end":{"line":314,"column":null}}]},"23":{"loc":{"start":{"line":318,"column":13},"end":{"line":327,"column":null}},"type":"binary-expr","locations":[{"start":{"line":318,"column":13},"end":{"line":318,"column":45}},{"start":{"line":319,"column":14},"end":{"line":319,"column":24}},{"start":{"line":320,"column":14},"end":{"line":320,"column":36}},{"start":{"line":321,"column":16},"end":{"line":326,"column":null}}]},"24":{"loc":{"start":{"line":331,"column":13},"end":{"line":338,"column":null}},"type":"binary-expr","locations":[{"start":{"line":331,"column":13},"end":{"line":331,"column":31}},{"start":{"line":332,"column":14},"end":{"line":337,"column":null}}]},"25":{"loc":{"start":{"line":341,"column":13},"end":{"line":348,"column":null}},"type":"binary-expr","locations":[{"start":{"line":341,"column":13},"end":{"line":341,"column":27}},{"start":{"line":341,"column":31},"end":{"line":341,"column":49}},{"start":{"line":342,"column":14},"end":{"line":347,"column":null}}]}},"s":{"0":2,"1":2,"2":2,"3":2,"4":2,"5":2,"6":20,"7":20,"8":20,"9":20,"10":20,"11":20,"12":20,"13":20,"14":20,"15":20,"16":20,"17":20,"18":20,"19":20,"20":6,"21":6,"22":6,"23":6,"24":20,"25":6,"26":6,"27":6,"28":6,"29":20,"30":10,"31":3,"32":9,"33":3,"34":1,"35":2,"36":20,"37":10,"38":7,"39":20,"40":3,"41":20,"42":1,"43":1,"44":20,"45":0,"46":0,"47":20,"48":0,"49":0,"50":0,"51":0,"52":0,"53":20,"54":1,"55":1,"56":1,"57":1,"58":1,"59":1,"60":20,"61":0,"62":0,"63":20,"64":0,"65":20,"66":0,"67":20,"68":0,"69":0,"70":0,"71":0,"72":0,"73":0,"74":0,"75":0,"76":0,"77":0,"78":0,"79":0,"80":0,"81":0,"82":0,"83":0,"84":0,"85":0,"86":0,"87":0,"88":0,"89":0,"90":0,"91":0,"92":0,"93":0,"94":20,"95":2},"f":{"0":20,"1":6,"2":6,"3":6,"4":10,"5":9,"6":10,"7":3,"8":1,"9":0,"10":0,"11":1,"12":0,"13":0,"14":0,"15":0,"16":0,"17":0,"18":0,"19":0},"b":{"0":[6],"1":[6],"2":[3],"3":[1,2],"4":[3,3],"5":[7],"6":[0],"7":[1],"8":[0,0,0,0],"9":[0],"10":[0,0],"11":[0,0],"12":[0,0],"13":[0,0],"14":[0,0],"15":[0,0],"16":[20,2],"17":[20,0],"18":[20,0,0],"19":[20,2,2],"20":[20,0,0,0],"21":[20,0],"22":[20,20,14],"23":[20,20,6,6],"24":[20,0],"25":[20,2,0]}}
,"/Users/nam-yeonhwa/Desktop/MUI-SelectComponent-Test/src/constant/constant.ts": {"path":"/Users/nam-yeonhwa/Desktop/MUI-SelectComponent-Test/src/constant/constant.ts","statementMap":{"0":{"start":{"line":1,"column":13},"end":{"line":3,"column":2}},"1":{"start":{"line":5,"column":13},"end":{"line":7,"column":8}}},"fnMap":{},"branchMap":{},"s":{"0":2,"1":2},"f":{},"b":{}}
}
