{"/Users/nam-yeonhwa/Desktop/MUI-SelectComponent-Test/src/components/Button.tsx": {"path":"/Users/nam-yeonhwa/Desktop/MUI-SelectComponent-Test/src/components/Button.tsx","statementMap":{"0":{"start":{"line":12,"column":2},"end":{"line":24,"column":4}},"1":{"start":{"line":18,"column":10},"end":{"line":18,"column":29}},"2":{"start":{"line":7,"column":0},"end":{"line":7,"column":24}}},"fnMap":{"0":{"name":"Button","decl":{"start":{"line":7,"column":24},"end":{"line":7,"column":30}},"loc":{"start":{"line":11,"column":8},"end":{"line":25,"column":1}}},"1":{"name":"(anonymous_1)","decl":{"start":{"line":17,"column":21},"end":{"line":17,"column":22}},"loc":{"start":{"line":17,"column":27},"end":{"line":19,"column":9}}}},"branchMap":{},"s":{"0":32,"1":1,"2":3},"f":{"0":32,"1":1},"b":{}}
}
