TN:
SF:src/components/Button.tsx
FN:8,Button
FN:20,(anonymous_1)
FNF:2
FNH:2
FNDA:43,Button
FNDA:1,(anonymous_1)
DA:8,3
DA:14,43
DA:21,1
LF:3
LH:3
BRF:0
BRH:0
end_of_record
TN:
SF:src/components/Select.tsx
FN:13,Select
FN:44,(anonymous_2)
FN:62,(anonymous_3)
FN:65,(anonymous_4)
FN:74,(anonymous_5)
FN:76,(anonymous_6)
FN:93,(anonymous_7)
FN:103,(anonymous_8)
FN:111,(anonymous_9)
FN:120,(anonymous_10)
FN:130,(anonymous_11)
FN:144,(anonymous_12)
FN:158,(anonymous_13)
FN:167,(anonymous_14)
FN:176,(anonymous_15)
FN:185,(anonymous_16)
FN:196,(anonymous_17)
FN:200,(anonymous_18)
FN:213,(anonymous_19)
FN:217,(anonymous_20)
FNF:20
FNH:10
FNDA:20,Select
FNDA:6,(anonymous_2)
FNDA:6,(anonymous_3)
FNDA:6,(anonymous_4)
FNDA:10,(anonymous_5)
FNDA:9,(anonymous_6)
FNDA:10,(anonymous_7)
FNDA:3,(anonymous_8)
FNDA:1,(anonymous_9)
FNDA:0,(anonymous_10)
FNDA:0,(anonymous_11)
FNDA:1,(anonymous_12)
FNDA:0,(anonymous_13)
FNDA:0,(anonymous_14)
FNDA:0,(anonymous_15)
FNDA:0,(anonymous_16)
FNDA:0,(anonymous_17)
FNDA:0,(anonymous_18)
FNDA:0,(anonymous_19)
FNDA:0,(anonymous_20)
DA:1,2
DA:3,2
DA:4,2
DA:5,2
DA:6,2
DA:7,2
DA:13,2
DA:14,20
DA:15,20
DA:17,20
DA:18,20
DA:21,20
DA:23,20
DA:27,20
DA:28,20
DA:30,20
DA:31,20
DA:32,20
DA:34,20
DA:36,20
DA:44,20
DA:45,6
DA:48,6
DA:54,6
DA:55,6
DA:62,20
DA:63,6
DA:64,6
DA:65,6
DA:66,6
DA:74,20
DA:75,10
DA:76,3
DA:77,9
DA:80,3
DA:81,1
DA:83,2
DA:93,20
DA:94,10
DA:95,7
DA:103,20
DA:104,3
DA:111,20
DA:112,1
DA:113,1
DA:120,20
DA:121,0
DA:122,0
DA:130,20
DA:131,0
DA:133,0
DA:134,0
DA:135,0
DA:136,0
DA:144,20
DA:145,1
DA:146,1
DA:147,1
DA:148,1
DA:149,1
DA:150,1
DA:158,20
DA:159,0
DA:160,0
DA:167,20
DA:169,0
DA:176,20
DA:178,0
DA:185,20
DA:186,0
DA:188,0
DA:189,0
DA:190,0
DA:192,0
DA:194,0
DA:195,0
DA:196,0
DA:197,0
DA:198,0
DA:199,0
DA:200,0
DA:203,0
DA:207,0
DA:210,0
DA:212,0
DA:213,0
DA:214,0
DA:215,0
DA:216,0
DA:217,0
DA:220,0
DA:224,0
DA:226,0
DA:228,0
DA:230,0
DA:234,20
LF:96
LH:59
BRDA:45,0,0,6
BRDA:63,1,0,6
BRDA:75,2,0,3
BRDA:80,3,0,1
BRDA:80,3,1,2
BRDA:80,4,0,3
BRDA:80,4,1,3
BRDA:94,5,0,7
BRDA:134,6,0,0
BRDA:149,7,0,1
BRDA:186,8,0,0
BRDA:186,8,1,0
BRDA:186,8,2,0
BRDA:186,8,3,0
BRDA:189,9,0,0
BRDA:195,10,0,0
BRDA:195,10,1,0
BRDA:197,11,0,0
BRDA:197,11,1,0
BRDA:203,12,0,0
BRDA:203,12,1,0
BRDA:212,13,0,0
BRDA:212,13,1,0
BRDA:214,14,0,0
BRDA:214,14,1,0
BRDA:220,15,0,0
BRDA:220,15,1,0
BRDA:250,16,0,20
BRDA:250,16,1,2
BRDA:251,17,0,20
BRDA:251,17,1,0
BRDA:269,18,0,20
BRDA:269,18,1,0
BRDA:269,18,2,0
BRDA:297,19,0,20
BRDA:297,19,1,2
BRDA:297,19,2,2
BRDA:299,20,0,20
BRDA:299,20,1,0
BRDA:299,20,2,0
BRDA:299,20,3,0
BRDA:304,21,0,20
BRDA:304,21,1,0
BRDA:308,22,0,20
BRDA:308,22,1,20
BRDA:308,22,2,14
BRDA:318,23,0,20
BRDA:318,23,1,20
BRDA:318,23,2,6
BRDA:318,23,3,6
BRDA:331,24,0,20
BRDA:331,24,1,0
BRDA:341,25,0,20
BRDA:341,25,1,2
BRDA:341,25,2,0
BRF:55
BRH:28
end_of_record
TN:
SF:src/constant/constant.ts
FNF:0
FNH:0
DA:1,2
DA:5,2
LF:2
LH:2
BRF:0
BRH:0
end_of_record
