TN:
SF:src/components/OptionItem.tsx
FN:12,OptionItem
FN:21,(anonymous_1)
FN:30,(anonymous_2)
FN:31,(anonymous_3)
FN:32,(anonymous_4)
FNF:5
FNH:4
FNDA:17,OptionItem
FNDA:41,(anonymous_1)
FNDA:1,(anonymous_2)
FNDA:1,(anonymous_3)
FNDA:0,(anonymous_4)
DA:2,3
DA:12,3
DA:19,17
DA:22,41
DA:30,1
DA:31,1
DA:33,0
LF:7
LH:6
BRDA:27,0,0,41
BRDA:27,0,1,0
BRDA:27,0,2,41
BRDA:27,0,3,0
BRF:4
BRH:2
end_of_record
TN:
SF:src/components/Select.tsx
FN:12,Select
FN:43,(anonymous_2)
FN:61,(anonymous_3)
FN:64,(anonymous_4)
FN:73,(anonymous_5)
FN:75,(anonymous_6)
FN:92,(anonymous_7)
FN:102,(anonymous_8)
FN:110,(anonymous_9)
FN:119,(anonymous_10)
FN:129,(anonymous_11)
FN:143,(anonymous_12)
FN:157,(anonymous_13)
FN:166,(anonymous_14)
FN:175,(anonymous_15)
FN:184,(anonymous_16)
FN:195,(anonymous_17)
FN:199,(anonymous_18)
FN:212,(anonymous_19)
FN:216,(anonymous_20)
FN:272,(anonymous_21)
FN:283,(anonymous_22)
FNF:22
FNH:8
FNDA:14,Select
FNDA:5,(anonymous_2)
FNDA:5,(anonymous_3)
FNDA:5,(anonymous_4)
FNDA:7,(anonymous_5)
FNDA:6,(anonymous_6)
FNDA:7,(anonymous_7)
FNDA:2,(anonymous_8)
FNDA:0,(anonymous_9)
FNDA:0,(anonymous_10)
FNDA:0,(anonymous_11)
FNDA:0,(anonymous_12)
FNDA:0,(anonymous_13)
FNDA:0,(anonymous_14)
FNDA:0,(anonymous_15)
FNDA:0,(anonymous_16)
FNDA:0,(anonymous_17)
FNDA:0,(anonymous_18)
FNDA:0,(anonymous_19)
FNDA:0,(anonymous_20)
FNDA:0,(anonymous_21)
FNDA:0,(anonymous_22)
DA:1,2
DA:3,2
DA:4,2
DA:5,2
DA:6,2
DA:12,2
DA:13,14
DA:14,14
DA:16,14
DA:17,14
DA:20,14
DA:22,14
DA:26,14
DA:27,14
DA:29,14
DA:30,14
DA:31,14
DA:33,14
DA:35,14
DA:43,14
DA:44,5
DA:47,5
DA:53,5
DA:54,5
DA:61,14
DA:62,5
DA:63,5
DA:64,5
DA:65,5
DA:73,14
DA:74,7
DA:75,2
DA:76,6
DA:79,2
DA:80,1
DA:82,1
DA:92,14
DA:93,7
DA:94,5
DA:102,14
DA:103,2
DA:110,14
DA:111,0
DA:112,0
DA:119,14
DA:120,0
DA:121,0
DA:129,14
DA:130,0
DA:132,0
DA:133,0
DA:134,0
DA:135,0
DA:143,14
DA:144,0
DA:145,0
DA:146,0
DA:147,0
DA:148,0
DA:149,0
DA:157,14
DA:158,0
DA:159,0
DA:166,14
DA:168,0
DA:175,14
DA:177,0
DA:184,14
DA:185,0
DA:187,0
DA:188,0
DA:189,0
DA:191,0
DA:193,0
DA:194,0
DA:195,0
DA:196,0
DA:197,0
DA:198,0
DA:199,0
DA:202,0
DA:206,0
DA:209,0
DA:211,0
DA:212,0
DA:213,0
DA:214,0
DA:215,0
DA:216,0
DA:219,0
DA:223,0
DA:225,0
DA:227,0
DA:229,0
DA:233,14
DA:273,0
DA:284,0
LF:97
LH:50
BRDA:44,0,0,5
BRDA:62,1,0,5
BRDA:74,2,0,2
BRDA:79,3,0,1
BRDA:79,3,1,1
BRDA:79,4,0,2
BRDA:79,4,1,2
BRDA:93,5,0,5
BRDA:133,6,0,0
BRDA:148,7,0,0
BRDA:185,8,0,0
BRDA:185,8,1,0
BRDA:185,8,2,0
BRDA:185,8,3,0
BRDA:188,9,0,0
BRDA:194,10,0,0
BRDA:194,10,1,0
BRDA:196,11,0,0
BRDA:196,11,1,0
BRDA:202,12,0,0
BRDA:202,12,1,0
BRDA:211,13,0,0
BRDA:211,13,1,0
BRDA:213,14,0,0
BRDA:213,14,1,0
BRDA:219,15,0,0
BRDA:219,15,1,0
BRDA:249,16,0,14
BRDA:249,16,1,0
BRDA:250,17,0,14
BRDA:250,17,1,0
BRDA:267,18,0,14
BRDA:267,18,1,0
BRDA:267,18,2,0
BRDA:297,19,0,14
BRDA:297,19,1,0
BRDA:297,19,2,0
BRDA:299,20,0,14
BRDA:299,20,1,0
BRDA:299,20,2,0
BRDA:299,20,3,0
BRDA:304,21,0,14
BRDA:304,21,1,0
BRDA:308,22,0,14
BRDA:308,22,1,14
BRDA:308,22,2,10
BRDA:318,23,0,14
BRDA:318,23,1,14
BRDA:318,23,2,4
BRDA:318,23,3,4
BRDA:331,24,0,14
BRDA:331,24,1,0
BRDA:341,25,0,14
BRDA:341,25,1,0
BRDA:341,25,2,0
BRF:55
BRH:23
end_of_record
